<?xml version="1.0" encoding="UTF-8"?>
<!-- Generated by org.testng.reporters.JUnitReportReporter -->
<testsuite hostname="DESKTOP-SGREK3T" failures="0" tests="3" name="StepDefinations.LoginDemoStepdefination2_PF" time="11.620" errors="0" timestamp="2021-11-06T21:22:56 IST" skipped="0">
  <testcase classname="StepDefinations.LoginDemoStepdefination2_PF" name="brower_is_open" time="9.917"/>
  <system-out/>
  <testcase classname="StepDefinations.LoginDemoStepdefination2_PF" name="user_is_on_login_page" time="1.175"/>
  <system-out/>
  <testcase classname="StepDefinations.LoginDemoStepdefination2_PF" name="user_is_navigated" time="0.528"/>
  <system-out/>
</testsuite> <!-- StepDefinations.LoginDemoStepdefination2_PF -->
