<?xml version="1.0" encoding="UTF-8"?>
<!-- Generated by org.testng.reporters.JUnitReportReporter -->
<testsuite hostname="DESKTOP-SGREK3T" failures="0" tests="2" name="StepDefinations.TestRunner" time="29.077" errors="0" timestamp="2021-11-09T22:18:04 IST" skipped="0">
  <testcase classname="StepDefinations.TestRunner" name="runScenario" time="16.906"/>
  <system-out/>
  <testcase classname="StepDefinations.TestRunner" name="runScenario" time="12.171"/>
  <system-out/>
</testsuite> <!-- StepDefinations.TestRunner -->
