<?xml version="1.0" encoding="UTF-8"?>
<!-- Generated by org.testng.reporters.JUnitReportReporter -->
<testsuite hostname="DESKTOP-SGREK3T" failures="0" tests="2" name="StepDefinations.TestRunner" time="28.358" errors="0" timestamp="2021-11-09T20:06:18 IST" skipped="0">
  <testcase classname="StepDefinations.TestRunner" name="runScenario" time="12.157"/>
  <system-out/>
  <testcase classname="StepDefinations.TestRunner" name="runScenario" time="16.201"/>
  <system-out/>
</testsuite> <!-- StepDefinations.TestRunner -->
