<?xml version="1.0" encoding="UTF-8"?>
<!-- Generated by org.testng.reporters.JUnitReportReporter -->
<testsuite hostname="DESKTOP-SGREK3T" failures="0" tests="2" name="StepDefinations.TestRunner" time="22.427" errors="0" timestamp="2021-11-07T10:27:19 IST" skipped="0">
  <testcase classname="StepDefinations.TestRunner" name="runScenario" time="11.679"/>
  <system-out/>
  <testcase classname="StepDefinations.TestRunner" name="runScenario" time="10.748"/>
  <system-out/>
</testsuite> <!-- StepDefinations.TestRunner -->
