<?xml version="1.0" encoding="UTF-8"?>
<!-- Generated by org.testng.reporters.JUnitReportReporter -->
<testsuite hostname="DESKTOP-SGREK3T" failures="0" tests="3" name="StepDefinations.LoginDemoStepdefination2_PF" time="33.582" errors="0" timestamp="2021-11-09T22:37:20 IST" skipped="0">
  <testcase classname="StepDefinations.LoginDemoStepdefination2_PF" name="runScenario" time="12.692"/>
  <system-out/>
  <testcase classname="StepDefinations.LoginDemoStepdefination2_PF" name="brower_is_open" time="4.411"/>
  <system-out/>
  <testcase classname="StepDefinations.LoginDemoStepdefination2_PF" name="runScenario" time="16.479"/>
  <system-out/>
</testsuite> <!-- StepDefinations.LoginDemoStepdefination2_PF -->
