<?xml version="1.0" encoding="UTF-8"?>
<!-- Generated by org.testng.reporters.JUnitReportReporter -->
<testsuite hostname="DESKTOP-SGREK3T" failures="0" tests="2" name="StepDefinations.TestRunner" time="26.582" errors="0" timestamp="2021-11-09T21:29:24 IST" skipped="0">
  <testcase classname="StepDefinations.TestRunner" name="runScenario" time="14.627"/>
  <system-out/>
  <testcase classname="StepDefinations.TestRunner" name="runScenario" time="11.955"/>
  <system-out/>
</testsuite> <!-- StepDefinations.TestRunner -->
