<?xml version="1.0" encoding="UTF-8"?>
<!-- Generated by org.testng.reporters.JUnitReportReporter -->
<testsuite hostname="DESKTOP-SGREK3T" failures="0" tests="2" name="StepDefinations.LoginDemoStepdefination2_PF" time="41.811" errors="0" timestamp="2021-12-10T16:07:54 IST" skipped="0">
  <testcase classname="StepDefinations.LoginDemoStepdefination2_PF" name="runScenario" time="15.846"/>
  <system-out/>
  <testcase classname="StepDefinations.LoginDemoStepdefination2_PF" name="runScenario" time="25.965"/>
  <system-out/>
</testsuite> <!-- StepDefinations.LoginDemoStepdefination2_PF -->
