<?xml version="1.0" encoding="UTF-8"?>
<!-- Generated by org.testng.reporters.JUnitReportReporter -->
<testsuite hostname="DESKTOP-SGREK3T" failures="0" tests="2" name="StepDefinations.TestRunner" time="34.200" errors="0" timestamp="2021-11-09T21:49:41 IST" skipped="0">
  <testcase classname="StepDefinations.TestRunner" name="runScenario" time="11.531"/>
  <system-out/>
  <testcase classname="StepDefinations.TestRunner" name="runScenario" time="22.669"/>
  <system-out/>
</testsuite> <!-- StepDefinations.TestRunner -->
