<?xml version="1.0" encoding="UTF-8"?>
<!-- Generated by org.testng.reporters.JUnitReportReporter -->
<testsuite hostname="DESKTOP-SGREK3T" failures="0" tests="1" name="StepDefinations.TestRunner" time="11.349" errors="0" timestamp="2021-11-07T10:18:51 IST" skipped="0">
  <testcase classname="StepDefinations.TestRunner" name="runScenario" time="11.349"/>
  <system-out/>
</testsuite> <!-- StepDefinations.TestRunner -->
