<?xml version="1.0" encoding="UTF-8"?>
<!-- Generated by org.testng.reporters.JUnitReportReporter -->
<testsuite hostname="DESKTOP-SGREK3T" failures="0" tests="1" name="StepDefinations.LoginDemoStepdefination2_PF" time="5.487" errors="0" timestamp="2021-11-06T20:22:24 IST" skipped="0">
  <testcase classname="StepDefinations.LoginDemoStepdefination2_PF" name="brower_is_open" time="5.487"/>
  <system-out/>
</testsuite> <!-- StepDefinations.LoginDemoStepdefination2_PF -->
