<?xml version="1.0" encoding="UTF-8"?>
<!-- Generated by org.testng.reporters.JUnitReportReporter -->
<testsuite hostname="DESKTOP-SGREK3T" failures="0" tests="2" name="StepDefinations.TestRunner" time="68.030" errors="0" timestamp="2021-12-20T18:14:44 IST" skipped="0">
  <testcase classname="StepDefinations.TestRunner" name="runScenario" time="16.885"/>
  <system-out/>
  <testcase classname="StepDefinations.TestRunner" name="runScenario" time="51.145"/>
  <system-out/>
</testsuite> <!-- StepDefinations.TestRunner -->
